<?xml version="1.0" encoding="UTF-8"?>
<testng-results total="0" passed="0" failed="0" skipped="0">
  <reporter-output>
  </reporter-output>
  <suite started-at="2024-12-20T12:25:36Z" name="Test Suite for Buildout" finished-at="2024-12-20T12:27:02Z" duration-ms="86733">
    <groups>
    </groups>
    <test started-at="2024-12-20T12:25:36Z" name="Test Cases for Buildout" finished-at="2024-12-20T12:27:02Z" duration-ms="86733">
      <class name="demo.TestCases">
        <test-method is-config="true" signature="startBrowser()[pri:0, instance:demo.TestCases@6b44435b]" started-at="2024-12-20T17:55:36Z" name="startBrowser" finished-at="2024-12-20T17:57:02Z" duration-ms="86387" status="PASS">
          <reporter-output>
          </reporter-output>
        </test-method> <!-- startBrowser -->
        <test-method is-config="true" signature="endTest()[pri:0, instance:demo.TestCases@6b44435b]" started-at="2024-12-20T17:57:02Z" name="endTest" finished-at="2024-12-20T17:57:02Z" duration-ms="336" status="PASS">
          <reporter-output>
          </reporter-output>
        </test-method> <!-- endTest -->
      </class> <!-- demo.TestCases -->
    </test> <!-- Test Cases for Buildout -->
  </suite> <!-- Test Suite for Buildout -->
</testng-results>
